<?xml version="1.0" encoding="UTF-8"?>
<testng-results skipped="1" failed="0" total="1" passed="0">
  <reporter-output>
  </reporter-output>
  <suite name="Default suite" duration-ms="11695" started-at="2017-08-25T11:38:23Z" finished-at="2017-08-25T11:38:35Z">
    <groups>
    </groups>
    <test name="Default test" duration-ms="11695" started-at="2017-08-25T11:38:23Z" finished-at="2017-08-25T11:38:35Z">
      <class name="com.Google.ecommerce.testscript.TC001_testLogin">
        <test-method status="FAIL" signature="setUP()[pri:0, instance:com.Google.ecommerce.testscript.TC001_testLogin@61832929]" name="setUP" is-config="true" duration-ms="0" started-at="2017-08-25T17:08:23Z" finished-at="2017-08-25T17:08:23Z">
          <exception class="java.lang.NoClassDefFoundError">
            <message>
              <![CDATA[com/google/common/net/MediaType]]>
            </message>
            <full-stacktrace>
              <![CDATA[java.lang.NoClassDefFoundError: com/google/common/net/MediaType
	at org.openqa.selenium.remote.http.JsonHttpCommandCodec.encode(JsonHttpCommandCodec.java:197)
	at org.openqa.selenium.remote.HttpCommandExecutor.execute(HttpCommandExecutor.java:130)
	at org.openqa.selenium.firefox.internal.NewProfileExtensionConnection.execute(NewProfileExtensionConnection.java:165)
	at org.openqa.selenium.firefox.FirefoxDriver$LazyCommandExecutor.execute(FirefoxDriver.java:362)
	at org.openqa.selenium.remote.RemoteWebDriver.execute(RemoteWebDriver.java:572)
	at org.openqa.selenium.remote.RemoteWebDriver.startSession(RemoteWebDriver.java:240)
	at org.openqa.selenium.remote.RemoteWebDriver.<init>(RemoteWebDriver.java:126)
	at org.openqa.selenium.firefox.FirefoxDriver.<init>(FirefoxDriver.java:191)
	at org.openqa.selenium.firefox.FirefoxDriver.<init>(FirefoxDriver.java:186)
	at org.openqa.selenium.firefox.FirefoxDriver.<init>(FirefoxDriver.java:182)
	at org.openqa.selenium.firefox.FirefoxDriver.<init>(FirefoxDriver.java:95)
	at com.Google.ecommerce.testBase.TestBase.selectBrowser(TestBase.java:48)
	at com.Google.ecommerce.testBase.TestBase.init(TestBase.java:24)
	at com.Google.ecommerce.testscript.TC001_testLogin.setUP(TC001_testLogin.java:22)
	at sun.reflect.NativeMethodAccessorImpl.invoke0(Native Method)
	at sun.reflect.NativeMethodAccessorImpl.invoke(Unknown Source)
	at sun.reflect.DelegatingMethodAccessorImpl.invoke(Unknown Source)
	at java.lang.reflect.Method.invoke(Unknown Source)
	at org.testng.internal.MethodInvocationHelper.invokeMethod(MethodInvocationHelper.java:84)
	at org.testng.internal.Invoker.invokeConfigurationMethod(Invoker.java:564)
	at org.testng.internal.Invoker.invokeConfigurations(Invoker.java:213)
	at org.testng.internal.Invoker.invokeConfigurations(Invoker.java:138)
	at org.testng.internal.TestMethodWorker.invokeBeforeClassMethods(TestMethodWorker.java:175)
	at org.testng.internal.TestMethodWorker.run(TestMethodWorker.java:107)
	at org.testng.TestRunner.privateRun(TestRunner.java:767)
	at org.testng.TestRunner.run(TestRunner.java:617)
	at org.testng.SuiteRunner.runTest(SuiteRunner.java:348)
	at org.testng.SuiteRunner.runSequentially(SuiteRunner.java:343)
	at org.testng.SuiteRunner.privateRun(SuiteRunner.java:305)
	at org.testng.SuiteRunner.run(SuiteRunner.java:254)
	at org.testng.SuiteRunnerWorker.runSuite(SuiteRunnerWorker.java:52)
	at org.testng.SuiteRunnerWorker.run(SuiteRunnerWorker.java:86)
	at org.testng.TestNG.runSuitesSequentially(TestNG.java:1224)
	at org.testng.TestNG.runSuitesLocally(TestNG.java:1149)
	at org.testng.TestNG.run(TestNG.java:1057)
	at org.testng.remote.AbstractRemoteTestNG.run(AbstractRemoteTestNG.java:132)
	at org.testng.remote.RemoteTestNG.initAndRun(RemoteTestNG.java:230)
	at org.testng.remote.RemoteTestNG.main(RemoteTestNG.java:76)
Caused by: java.lang.ClassNotFoundException: com.google.common.net.MediaType
	at java.net.URLClassLoader.findClass(Unknown Source)
	at java.lang.ClassLoader.loadClass(Unknown Source)
	at sun.misc.Launcher$AppClassLoader.loadClass(Unknown Source)
	at java.lang.ClassLoader.loadClass(Unknown Source)
	... 38 more
]]>
            </full-stacktrace>
          </exception> <!-- java.lang.NoClassDefFoundError -->
          <reporter-output>
          </reporter-output>
        </test-method> <!-- setUP -->
        <test-method status="SKIP" signature="testlogin()[pri:0, instance:com.Google.ecommerce.testscript.TC001_testLogin@61832929]" name="testlogin" duration-ms="5" started-at="2017-08-25T17:08:35Z" finished-at="2017-08-25T17:08:35Z">
          <reporter-output>
          </reporter-output>
        </test-method> <!-- testlogin -->
        <test-method status="SKIP" signature="quitBrowser()[pri:0, instance:com.Google.ecommerce.testscript.TC001_testLogin@61832929]" name="quitBrowser" is-config="true" duration-ms="0" started-at="2017-08-25T17:08:35Z" finished-at="2017-08-25T17:08:35Z">
          <reporter-output>
          </reporter-output>
        </test-method> <!-- quitBrowser -->
      </class> <!-- com.Google.ecommerce.testscript.TC001_testLogin -->
    </test> <!-- Default test -->
  </suite> <!-- Default suite -->
</testng-results>
